2014-10-15 01:30:45 Error: [MissingControllerException] Controller class CakeController could not be found.
Exception Attributes: array (
  'class' => 'CakeController',
  'plugin' => NULL,
)
Request URL: /cake/Festival/cake/festival/
Stack Trace:
#0 C:\wamp\www\cake\Festival\webroot\index.php(99): Dispatcher->dispatch(Object(CakeRequest), Object(CakeResponse))
#1 {main}
2014-10-15 01:31:35 Error: [MissingControllerException] Controller class CakeController could not be found.
Exception Attributes: array (
  'class' => 'CakeController',
  'plugin' => NULL,
)
Request URL: /cake/Festival/cake/festival/
Stack Trace:
#0 C:\wamp\www\cake\Festival\webroot\index.php(99): Dispatcher->dispatch(Object(CakeRequest), Object(CakeResponse))
#1 {main}
2014-10-15 01:39:10 Error: [MissingControllerException] Controller class BandsController could not be found.
Exception Attributes: array (
  'class' => 'BandsController',
  'plugin' => NULL,
)
Request URL: /cake/Festival/bands
Stack Trace:
#0 C:\wamp\www\cake\Festival\webroot\index.php(99): Dispatcher->dispatch(Object(CakeRequest), Object(CakeResponse))
#1 {main}
